%!Adobe-FontList 1.22
%Locale:0x412

%BeginFont
Handler:DirectoryHandler
FontType:TrueType
FontName:HandelGothic
FamilyName:Handel Gothic
StyleName:Regular
FullName:Handel Gothic
MenuName:Handel Gothic
StyleBits:0
WritingScript:Roman
OutlineFileName:D:\seulki\02.클론코딩\뮤자인_수업준비\Font\handel gothic.ttf
DataFormat:sfntData
hasSVG:no
VariableFontType:NonVariableFont
FileLength:22620
FileModTime:1583203360
WeightClass:500
WidthClass:5
AngleClass:0
NameArray:0,Mac,4,Handel Gothic
NameArray:0,Win,1,Handel Gothic
%EndFont

